2018-04-18T06:13:04.671Z - normal: Load ~/.CocosCreator/settings.json
2018-04-18T06:13:04.674Z - normal: checking language setting...
2018-04-18T06:13:04.674Z - normal: Language: zh
2018-04-18T06:13:09.121Z - success: protocol editor-framework registered
2018-04-18T06:13:09.122Z - success: protocol app registered
2018-04-18T06:13:09.122Z - success: protocol theme registered
2018-04-18T06:13:09.122Z - success: protocol packages registered
2018-04-18T06:13:09.122Z - success: protocol unpack registerred
2018-04-18T06:13:09.122Z - success: protocol disable-commonjs registerred
2018-04-18T06:13:09.216Z - normal: connected!
2018-04-18T06:13:09.219Z - normal: Check project /Users/wangshengfeiteng/Documents/GitHub/CocosCreater_JumpOneJump_Ldd
2018-04-18T06:13:09.221Z - normal: Initializing Cocos2d
2018-04-18T06:13:09.919Z - normal: Initializing Asset Database
2018-04-18T06:13:10.042Z - success: protocol uuid registerred
2018-04-18T06:13:10.042Z - success: protocol db registerred
2018-04-18T06:13:10.042Z - success: protocol thumbnail registerred
2018-04-18T06:13:10.042Z - normal: Loading editor/builtin packages
2018-04-18T06:13:10.240Z - success: anysdk loaded
2018-04-18T06:13:10.437Z - success: assets loaded
2018-04-18T06:13:10.441Z - success: builder loaded
2018-04-18T06:13:10.444Z - success: cocos-analytics loaded
2018-04-18T06:13:10.480Z - success: console loaded
2018-04-18T06:13:10.515Z - success: fb-instant-games loaded
2018-04-18T06:13:10.520Z - success: hierarchy loaded
2018-04-18T06:13:10.525Z - success: inspector loaded
2018-04-18T06:13:10.527Z - success: keystore loaded
2018-04-18T06:13:10.537Z - success: node-library loaded
2018-04-18T06:13:10.539Z - success: package-asset loaded
2018-04-18T06:13:10.541Z - success: preferences loaded
2018-04-18T06:13:10.545Z - success: project-exporter loaded
2018-04-18T06:13:10.579Z - success: project-importer loaded
2018-04-18T06:13:10.582Z - success: project-settings loaded
2018-04-18T06:13:10.624Z - success: ui-kit loaded
2018-04-18T06:13:10.628Z - success: ui-grid loaded
2018-04-18T06:13:10.633Z - success: scene loaded
2018-04-18T06:13:10.635Z - success: sprite-editor loaded
2018-04-18T06:13:10.639Z - success: store loaded
2018-04-18T06:13:10.646Z - success: timeline loaded
2018-04-18T06:13:10.646Z - normal: Loading builtin packages
2018-04-18T06:13:10.663Z - success: asset-db-debugger loaded
2018-04-18T06:13:10.664Z - success: color-picker loaded
2018-04-18T06:13:10.668Z - success: package-manager loaded
2018-04-18T06:13:10.736Z - success: sdkbox loaded
2018-04-18T06:13:10.743Z - success: tester loaded
2018-04-18T06:13:10.747Z - success: ui-kit-preview-extra loaded
2018-04-18T06:13:10.750Z - success: ui-kit-preview loaded
2018-04-18T06:13:10.754Z - success: ui-tree loaded
2018-04-18T06:13:12.999Z - normal: Initializing project /Users/wangshengfeiteng/Documents/GitHub/CocosCreater_JumpOneJump_Ldd
2018-04-18T06:13:13.029Z - normal: Loading packages
2018-04-18T06:13:13.034Z - normal: Watching packages
2018-04-18T06:13:13.089Z - normal: Run Application
2018-04-18T06:13:15.941Z - success: preview server running at http://localhost:7456
2018-04-18T06:13:30.566Z - normal: 1.9.0
